<?xml version="1.0" encoding="UTF-8"?>
<testsuite xmlns:xsi="http://www.w3.org/2001/XMLSchema-instance" xsi:noNamespaceSchemaLocation="https://maven.apache.org/surefire/maven-surefire-plugin/xsd/surefire-test-report.xsd" version="3.0.2" name="com.studyplanner.TaskServiceTest" time="0.387" tests="5" errors="0" skipped="0" failures="0">
  <properties>
[...]
</properties>
  <testcase name="testCreateTaskInvalidSubject" classname="com.studyplanner.TaskServiceTest" time="0.051"/>
  <testcase name="testMarkTaskComplete" classname="com.studyplanner.TaskServiceTest" time="0.056"/>
  <testcase name="testCreateTaskSuccess" classname="com.studyplanner.TaskServiceTest" time="0.069"/>
  <testcase name="testOverdueDetection" classname="com.studyplanner.TaskServiceTest" time="0.107"/>
  <testcase name="testHighPriorityPendingFilter" classname="com.studyplanner.TaskServiceTest" time="0.098"/>
</testsuite>